2013/03/15 13:38:29 [error] [exception.CHttpException.404] exception 'CHttpException' with message 'Невозможно обработать запрос "favicon.ico".' in Z:\home\autobook\www\framework\web\CWebApplication.php:286
Stack trace:
#0 Z:\home\autobook\www\framework\web\CWebApplication.php(141): CWebApplication->runController('favicon.ico')
#1 Z:\home\autobook\www\framework\base\CApplication.php(169): CWebApplication->processRequest()
#2 Z:\home\autobook\www\index.php(13): CApplication->run()
#3 {main}
REQUEST_URI=/favicon.ico
---
2013/03/15 13:38:44 [error] [exception.CHttpException.404] exception 'CHttpException' with message 'Невозможно обработать запрос "favicon.ico".' in Z:\home\autobook\www\framework\web\CWebApplication.php:286
Stack trace:
#0 Z:\home\autobook\www\framework\web\CWebApplication.php(141): CWebApplication->runController('favicon.ico')
#1 Z:\home\autobook\www\framework\base\CApplication.php(169): CWebApplication->processRequest()
#2 Z:\home\autobook\www\index.php(13): CApplication->run()
#3 {main}
REQUEST_URI=/favicon.ico
---
2013/03/15 13:38:50 [error] [exception.CHttpException.404] exception 'CHttpException' with message 'Невозможно обработать запрос "favicon.ico".' in Z:\home\autobook\www\framework\web\CWebApplication.php:286
Stack trace:
#0 Z:\home\autobook\www\framework\web\CWebApplication.php(141): CWebApplication->runController('favicon.ico')
#1 Z:\home\autobook\www\framework\base\CApplication.php(169): CWebApplication->processRequest()
#2 Z:\home\autobook\www\index.php(13): CApplication->run()
#3 {main}
REQUEST_URI=/favicon.ico
---
2013/03/15 13:38:55 [error] [exception.CHttpException.404] exception 'CHttpException' with message 'Невозможно обработать запрос "favicon.ico".' in Z:\home\autobook\www\framework\web\CWebApplication.php:286
Stack trace:
#0 Z:\home\autobook\www\framework\web\CWebApplication.php(141): CWebApplication->runController('favicon.ico')
#1 Z:\home\autobook\www\framework\base\CApplication.php(169): CWebApplication->processRequest()
#2 Z:\home\autobook\www\index.php(13): CApplication->run()
#3 {main}
REQUEST_URI=/favicon.ico
---
2013/03/15 13:39:07 [error] [exception.CHttpException.404] exception 'CHttpException' with message 'Невозможно обработать запрос "favicon.ico".' in Z:\home\autobook\www\framework\web\CWebApplication.php:286
Stack trace:
#0 Z:\home\autobook\www\framework\web\CWebApplication.php(141): CWebApplication->runController('favicon.ico')
#1 Z:\home\autobook\www\framework\base\CApplication.php(169): CWebApplication->processRequest()
#2 Z:\home\autobook\www\index.php(13): CApplication->run()
#3 {main}
REQUEST_URI=/favicon.ico
---
2013/03/15 13:40:37 [error] [exception.CHttpException.404] exception 'CHttpException' with message 'Невозможно обработать запрос "favicon.ico".' in Z:\home\autobook\www\framework\web\CWebApplication.php:286
Stack trace:
#0 Z:\home\autobook\www\framework\web\CWebApplication.php(141): CWebApplication->runController('favicon.ico')
#1 Z:\home\autobook\www\framework\base\CApplication.php(169): CWebApplication->processRequest()
#2 Z:\home\autobook\www\index.php(13): CApplication->run()
#3 {main}
REQUEST_URI=/favicon.ico
---
2013/03/15 13:40:39 [error] [exception.CHttpException.404] exception 'CHttpException' with message 'Невозможно обработать запрос "favicon.ico".' in Z:\home\autobook\www\framework\web\CWebApplication.php:286
Stack trace:
#0 Z:\home\autobook\www\framework\web\CWebApplication.php(141): CWebApplication->runController('favicon.ico')
#1 Z:\home\autobook\www\framework\base\CApplication.php(169): CWebApplication->processRequest()
#2 Z:\home\autobook\www\index.php(13): CApplication->run()
#3 {main}
REQUEST_URI=/favicon.ico
---
2013/03/15 13:41:49 [error] [exception.CHttpException.404] exception 'CHttpException' with message 'Невозможно обработать запрос "favicon.ico".' in Z:\home\autobook\www\framework\web\CWebApplication.php:286
Stack trace:
#0 Z:\home\autobook\www\framework\web\CWebApplication.php(141): CWebApplication->runController('favicon.ico')
#1 Z:\home\autobook\www\framework\base\CApplication.php(169): CWebApplication->processRequest()
#2 Z:\home\autobook\www\index.php(13): CApplication->run()
#3 {main}
REQUEST_URI=/favicon.ico
---
2013/03/15 13:41:53 [error] [exception.CHttpException.404] exception 'CHttpException' with message 'Невозможно обработать запрос "favicon.ico".' in Z:\home\autobook\www\framework\web\CWebApplication.php:286
Stack trace:
#0 Z:\home\autobook\www\framework\web\CWebApplication.php(141): CWebApplication->runController('favicon.ico')
#1 Z:\home\autobook\www\framework\base\CApplication.php(169): CWebApplication->processRequest()
#2 Z:\home\autobook\www\index.php(13): CApplication->run()
#3 {main}
REQUEST_URI=/favicon.ico
---
2013/03/15 13:46:14 [error] [exception.CHttpException.404] exception 'CHttpException' with message 'Невозможно обработать запрос "favicon.ico".' in Z:\home\autobook\www\framework\web\CWebApplication.php:286
Stack trace:
#0 Z:\home\autobook\www\framework\web\CWebApplication.php(141): CWebApplication->runController('favicon.ico')
#1 Z:\home\autobook\www\framework\base\CApplication.php(169): CWebApplication->processRequest()
#2 Z:\home\autobook\www\index.php(13): CApplication->run()
#3 {main}
REQUEST_URI=/favicon.ico
---
2013/03/15 13:47:41 [error] [exception.CHttpException.404] exception 'CHttpException' with message 'Невозможно обработать запрос "favicon.ico".' in Z:\home\autobook\www\framework\web\CWebApplication.php:286
Stack trace:
#0 Z:\home\autobook\www\framework\web\CWebApplication.php(141): CWebApplication->runController('favicon.ico')
#1 Z:\home\autobook\www\framework\base\CApplication.php(169): CWebApplication->processRequest()
#2 Z:\home\autobook\www\index.php(13): CApplication->run()
#3 {main}
REQUEST_URI=/favicon.ico
---
2013/03/15 13:49:49 [error] [exception.CHttpException.404] exception 'CHttpException' with message 'Невозможно обработать запрос "favicon.ico".' in Z:\home\autobook\www\framework\web\CWebApplication.php:286
Stack trace:
#0 Z:\home\autobook\www\framework\web\CWebApplication.php(141): CWebApplication->runController('favicon.ico')
#1 Z:\home\autobook\www\framework\base\CApplication.php(169): CWebApplication->processRequest()
#2 Z:\home\autobook\www\index.php(13): CApplication->run()
#3 {main}
REQUEST_URI=/favicon.ico
---
2013/03/15 13:49:50 [error] [exception.CHttpException.404] exception 'CHttpException' with message 'Системе не удалось найти запрашиваемое действие "registration".' in Z:\home\autobook\www\framework\web\CController.php:483
Stack trace:
#0 Z:\home\autobook\www\framework\web\CController.php(270): CController->missingAction('registration')
#1 Z:\home\autobook\www\framework\web\CWebApplication.php(282): CController->run('registration')
#2 Z:\home\autobook\www\framework\web\CWebApplication.php(141): CWebApplication->runController('site/registrati...')
#3 Z:\home\autobook\www\framework\base\CApplication.php(169): CWebApplication->processRequest()
#4 Z:\home\autobook\www\index.php(13): CApplication->run()
#5 {main}
REQUEST_URI=/index.php/site/registration
HTTP_REFERER=http://autobook/
---
2013/03/15 13:49:51 [error] [exception.CHttpException.404] exception 'CHttpException' with message 'Невозможно обработать запрос "favicon.ico".' in Z:\home\autobook\www\framework\web\CWebApplication.php:286
Stack trace:
#0 Z:\home\autobook\www\framework\web\CWebApplication.php(141): CWebApplication->runController('favicon.ico')
#1 Z:\home\autobook\www\framework\base\CApplication.php(169): CWebApplication->processRequest()
#2 Z:\home\autobook\www\index.php(13): CApplication->run()
#3 {main}
REQUEST_URI=/favicon.ico
---
2013/03/15 13:50:04 [error] [exception.CHttpException.404] exception 'CHttpException' with message 'Невозможно обработать запрос "favicon.ico".' in Z:\home\autobook\www\framework\web\CWebApplication.php:286
Stack trace:
#0 Z:\home\autobook\www\framework\web\CWebApplication.php(141): CWebApplication->runController('favicon.ico')
#1 Z:\home\autobook\www\framework\base\CApplication.php(169): CWebApplication->processRequest()
#2 Z:\home\autobook\www\index.php(13): CApplication->run()
#3 {main}
REQUEST_URI=/favicon.ico
---
2013/03/15 13:50:05 [error] [exception.CHttpException.404] exception 'CHttpException' with message 'Невозможно обработать запрос "favicon.ico".' in Z:\home\autobook\www\framework\web\CWebApplication.php:286
Stack trace:
#0 Z:\home\autobook\www\framework\web\CWebApplication.php(141): CWebApplication->runController('favicon.ico')
#1 Z:\home\autobook\www\framework\base\CApplication.php(169): CWebApplication->processRequest()
#2 Z:\home\autobook\www\index.php(13): CApplication->run()
#3 {main}
REQUEST_URI=/favicon.ico
---
2013/03/15 13:50:07 [error] [exception.CHttpException.404] exception 'CHttpException' with message 'Системе не удалось найти запрашиваемое действие "registration".' in Z:\home\autobook\www\framework\web\CController.php:483
Stack trace:
#0 Z:\home\autobook\www\framework\web\CController.php(270): CController->missingAction('registration')
#1 Z:\home\autobook\www\framework\web\CWebApplication.php(282): CController->run('registration')
#2 Z:\home\autobook\www\framework\web\CWebApplication.php(141): CWebApplication->runController('site/registrati...')
#3 Z:\home\autobook\www\framework\base\CApplication.php(169): CWebApplication->processRequest()
#4 Z:\home\autobook\www\index.php(13): CApplication->run()
#5 {main}
REQUEST_URI=/index.php/site/registration
HTTP_REFERER=http://autobook/index.php/site/contact
---
2013/03/15 13:50:07 [error] [exception.CHttpException.404] exception 'CHttpException' with message 'Невозможно обработать запрос "favicon.ico".' in Z:\home\autobook\www\framework\web\CWebApplication.php:286
Stack trace:
#0 Z:\home\autobook\www\framework\web\CWebApplication.php(141): CWebApplication->runController('favicon.ico')
#1 Z:\home\autobook\www\framework\base\CApplication.php(169): CWebApplication->processRequest()
#2 Z:\home\autobook\www\index.php(13): CApplication->run()
#3 {main}
REQUEST_URI=/favicon.ico
---
2013/03/15 13:59:17 [error] [exception.CHttpException.404] exception 'CHttpException' with message 'Невозможно обработать запрос "favicon.ico".' in Z:\home\autobook\www\framework\web\CWebApplication.php:286
Stack trace:
#0 Z:\home\autobook\www\framework\web\CWebApplication.php(141): CWebApplication->runController('favicon.ico')
#1 Z:\home\autobook\www\framework\base\CApplication.php(169): CWebApplication->processRequest()
#2 Z:\home\autobook\www\index.php(13): CApplication->run()
#3 {main}
REQUEST_URI=/favicon.ico
---
2013/03/15 13:59:19 [error] [exception.CHttpException.404] exception 'CHttpException' with message 'Невозможно обработать запрос "favicon.ico".' in Z:\home\autobook\www\framework\web\CWebApplication.php:286
Stack trace:
#0 Z:\home\autobook\www\framework\web\CWebApplication.php(141): CWebApplication->runController('favicon.ico')
#1 Z:\home\autobook\www\framework\base\CApplication.php(169): CWebApplication->processRequest()
#2 Z:\home\autobook\www\index.php(13): CApplication->run()
#3 {main}
REQUEST_URI=/favicon.ico
---
2013/03/15 13:59:21 [error] [exception.CHttpException.404] exception 'CHttpException' with message 'Невозможно обработать запрос "favicon.ico".' in Z:\home\autobook\www\framework\web\CWebApplication.php:286
Stack trace:
#0 Z:\home\autobook\www\framework\web\CWebApplication.php(141): CWebApplication->runController('favicon.ico')
#1 Z:\home\autobook\www\framework\base\CApplication.php(169): CWebApplication->processRequest()
#2 Z:\home\autobook\www\index.php(13): CApplication->run()
#3 {main}
REQUEST_URI=/favicon.ico
---
2013/03/15 13:59:22 [error] [exception.CHttpException.404] exception 'CHttpException' with message 'Невозможно обработать запрос "favicon.ico".' in Z:\home\autobook\www\framework\web\CWebApplication.php:286
Stack trace:
#0 Z:\home\autobook\www\framework\web\CWebApplication.php(141): CWebApplication->runController('favicon.ico')
#1 Z:\home\autobook\www\framework\base\CApplication.php(169): CWebApplication->processRequest()
#2 Z:\home\autobook\www\index.php(13): CApplication->run()
#3 {main}
REQUEST_URI=/favicon.ico
---
2013/03/15 13:59:25 [error] [exception.CHttpException.404] exception 'CHttpException' with message 'Невозможно обработать запрос "favicon.ico".' in Z:\home\autobook\www\framework\web\CWebApplication.php:286
Stack trace:
#0 Z:\home\autobook\www\framework\web\CWebApplication.php(141): CWebApplication->runController('favicon.ico')
#1 Z:\home\autobook\www\framework\base\CApplication.php(169): CWebApplication->processRequest()
#2 Z:\home\autobook\www\index.php(13): CApplication->run()
#3 {main}
REQUEST_URI=/favicon.ico
---
2013/03/15 13:59:26 [error] [exception.CHttpException.404] exception 'CHttpException' with message 'Невозможно обработать запрос "favicon.ico".' in Z:\home\autobook\www\framework\web\CWebApplication.php:286
Stack trace:
#0 Z:\home\autobook\www\framework\web\CWebApplication.php(141): CWebApplication->runController('favicon.ico')
#1 Z:\home\autobook\www\framework\base\CApplication.php(169): CWebApplication->processRequest()
#2 Z:\home\autobook\www\index.php(13): CApplication->run()
#3 {main}
REQUEST_URI=/favicon.ico
---
2013/03/15 13:59:27 [error] [exception.CHttpException.404] exception 'CHttpException' with message 'Невозможно обработать запрос "favicon.ico".' in Z:\home\autobook\www\framework\web\CWebApplication.php:286
Stack trace:
#0 Z:\home\autobook\www\framework\web\CWebApplication.php(141): CWebApplication->runController('favicon.ico')
#1 Z:\home\autobook\www\framework\base\CApplication.php(169): CWebApplication->processRequest()
#2 Z:\home\autobook\www\index.php(13): CApplication->run()
#3 {main}
REQUEST_URI=/favicon.ico
---
2013/03/15 13:59:28 [error] [exception.CHttpException.404] exception 'CHttpException' with message 'Невозможно обработать запрос "favicon.ico".' in Z:\home\autobook\www\framework\web\CWebApplication.php:286
Stack trace:
#0 Z:\home\autobook\www\framework\web\CWebApplication.php(141): CWebApplication->runController('favicon.ico')
#1 Z:\home\autobook\www\framework\base\CApplication.php(169): CWebApplication->processRequest()
#2 Z:\home\autobook\www\index.php(13): CApplication->run()
#3 {main}
REQUEST_URI=/favicon.ico
---
2013/03/15 13:59:29 [error] [exception.CHttpException.404] exception 'CHttpException' with message 'Невозможно обработать запрос "favicon.ico".' in Z:\home\autobook\www\framework\web\CWebApplication.php:286
Stack trace:
#0 Z:\home\autobook\www\framework\web\CWebApplication.php(141): CWebApplication->runController('favicon.ico')
#1 Z:\home\autobook\www\framework\base\CApplication.php(169): CWebApplication->processRequest()
#2 Z:\home\autobook\www\index.php(13): CApplication->run()
#3 {main}
REQUEST_URI=/favicon.ico
---
2013/03/15 13:59:30 [error] [exception.CHttpException.404] exception 'CHttpException' with message 'Невозможно обработать запрос "favicon.ico".' in Z:\home\autobook\www\framework\web\CWebApplication.php:286
Stack trace:
#0 Z:\home\autobook\www\framework\web\CWebApplication.php(141): CWebApplication->runController('favicon.ico')
#1 Z:\home\autobook\www\framework\base\CApplication.php(169): CWebApplication->processRequest()
#2 Z:\home\autobook\www\index.php(13): CApplication->run()
#3 {main}
REQUEST_URI=/favicon.ico
---
2013/03/15 13:59:30 [error] [exception.CHttpException.404] exception 'CHttpException' with message 'Системе не удалось найти запрашиваемое действие "registration".' in Z:\home\autobook\www\framework\web\CController.php:483
Stack trace:
#0 Z:\home\autobook\www\framework\web\CController.php(270): CController->missingAction('registration')
#1 Z:\home\autobook\www\framework\web\CWebApplication.php(282): CController->run('registration')
#2 Z:\home\autobook\www\framework\web\CWebApplication.php(141): CWebApplication->runController('site/registrati...')
#3 Z:\home\autobook\www\framework\base\CApplication.php(169): CWebApplication->processRequest()
#4 Z:\home\autobook\www\index.php(13): CApplication->run()
#5 {main}
REQUEST_URI=/index.php/site/registration
HTTP_REFERER=http://autobook/index.php/site/contact
---
2013/03/15 13:59:30 [error] [exception.CHttpException.404] exception 'CHttpException' with message 'Невозможно обработать запрос "favicon.ico".' in Z:\home\autobook\www\framework\web\CWebApplication.php:286
Stack trace:
#0 Z:\home\autobook\www\framework\web\CWebApplication.php(141): CWebApplication->runController('favicon.ico')
#1 Z:\home\autobook\www\framework\base\CApplication.php(169): CWebApplication->processRequest()
#2 Z:\home\autobook\www\index.php(13): CApplication->run()
#3 {main}
REQUEST_URI=/favicon.ico
---
2013/03/15 13:59:31 [error] [exception.CHttpException.404] exception 'CHttpException' with message 'Невозможно обработать запрос "favicon.ico".' in Z:\home\autobook\www\framework\web\CWebApplication.php:286
Stack trace:
#0 Z:\home\autobook\www\framework\web\CWebApplication.php(141): CWebApplication->runController('favicon.ico')
#1 Z:\home\autobook\www\framework\base\CApplication.php(169): CWebApplication->processRequest()
#2 Z:\home\autobook\www\index.php(13): CApplication->run()
#3 {main}
REQUEST_URI=/favicon.ico
---
2013/03/15 13:59:33 [error] [exception.CHttpException.404] exception 'CHttpException' with message 'Невозможно обработать запрос "favicon.ico".' in Z:\home\autobook\www\framework\web\CWebApplication.php:286
Stack trace:
#0 Z:\home\autobook\www\framework\web\CWebApplication.php(141): CWebApplication->runController('favicon.ico')
#1 Z:\home\autobook\www\framework\base\CApplication.php(169): CWebApplication->processRequest()
#2 Z:\home\autobook\www\index.php(13): CApplication->run()
#3 {main}
REQUEST_URI=/favicon.ico
---
2013/03/15 13:59:34 [error] [exception.CHttpException.404] exception 'CHttpException' with message 'Системе не удалось найти запрашиваемое действие "registration".' in Z:\home\autobook\www\framework\web\CController.php:483
Stack trace:
#0 Z:\home\autobook\www\framework\web\CController.php(270): CController->missingAction('registration')
#1 Z:\home\autobook\www\framework\web\CWebApplication.php(282): CController->run('registration')
#2 Z:\home\autobook\www\framework\web\CWebApplication.php(141): CWebApplication->runController('site/registrati...')
#3 Z:\home\autobook\www\framework\base\CApplication.php(169): CWebApplication->processRequest()
#4 Z:\home\autobook\www\index.php(13): CApplication->run()
#5 {main}
REQUEST_URI=/index.php/site/registration
HTTP_REFERER=http://autobook/index.php/site/contact
---
2013/03/15 13:59:34 [error] [exception.CHttpException.404] exception 'CHttpException' with message 'Невозможно обработать запрос "favicon.ico".' in Z:\home\autobook\www\framework\web\CWebApplication.php:286
Stack trace:
#0 Z:\home\autobook\www\framework\web\CWebApplication.php(141): CWebApplication->runController('favicon.ico')
#1 Z:\home\autobook\www\framework\base\CApplication.php(169): CWebApplication->processRequest()
#2 Z:\home\autobook\www\index.php(13): CApplication->run()
#3 {main}
REQUEST_URI=/favicon.ico
---
2013/03/15 13:59:36 [error] [exception.CHttpException.404] exception 'CHttpException' with message 'Невозможно обработать запрос "favicon.ico".' in Z:\home\autobook\www\framework\web\CWebApplication.php:286
Stack trace:
#0 Z:\home\autobook\www\framework\web\CWebApplication.php(141): CWebApplication->runController('favicon.ico')
#1 Z:\home\autobook\www\framework\base\CApplication.php(169): CWebApplication->processRequest()
#2 Z:\home\autobook\www\index.php(13): CApplication->run()
#3 {main}
REQUEST_URI=/favicon.ico
---
2013/03/15 13:59:37 [error] [exception.CHttpException.404] exception 'CHttpException' with message 'Невозможно обработать запрос "favicon.ico".' in Z:\home\autobook\www\framework\web\CWebApplication.php:286
Stack trace:
#0 Z:\home\autobook\www\framework\web\CWebApplication.php(141): CWebApplication->runController('favicon.ico')
#1 Z:\home\autobook\www\framework\base\CApplication.php(169): CWebApplication->processRequest()
#2 Z:\home\autobook\www\index.php(13): CApplication->run()
#3 {main}
REQUEST_URI=/favicon.ico
---
2013/03/15 13:59:38 [error] [exception.CHttpException.404] exception 'CHttpException' with message 'Невозможно обработать запрос "favicon.ico".' in Z:\home\autobook\www\framework\web\CWebApplication.php:286
Stack trace:
#0 Z:\home\autobook\www\framework\web\CWebApplication.php(141): CWebApplication->runController('favicon.ico')
#1 Z:\home\autobook\www\framework\base\CApplication.php(169): CWebApplication->processRequest()
#2 Z:\home\autobook\www\index.php(13): CApplication->run()
#3 {main}
REQUEST_URI=/favicon.ico
---
2013/03/15 13:59:39 [error] [exception.CHttpException.404] exception 'CHttpException' with message 'Невозможно обработать запрос "favicon.ico".' in Z:\home\autobook\www\framework\web\CWebApplication.php:286
Stack trace:
#0 Z:\home\autobook\www\framework\web\CWebApplication.php(141): CWebApplication->runController('favicon.ico')
#1 Z:\home\autobook\www\framework\base\CApplication.php(169): CWebApplication->processRequest()
#2 Z:\home\autobook\www\index.php(13): CApplication->run()
#3 {main}
REQUEST_URI=/favicon.ico
---
2013/03/15 14:08:54 [error] [exception.CHttpException.404] exception 'CHttpException' with message 'Невозможно обработать запрос "favicon.ico".' in Z:\home\autobook\www\framework\web\CWebApplication.php:286
Stack trace:
#0 Z:\home\autobook\www\framework\web\CWebApplication.php(141): CWebApplication->runController('favicon.ico')
#1 Z:\home\autobook\www\framework\base\CApplication.php(169): CWebApplication->processRequest()
#2 Z:\home\autobook\www\index.php(13): CApplication->run()
#3 {main}
REQUEST_URI=/favicon.ico
---
2013/03/15 14:09:05 [error] [exception.CHttpException.404] exception 'CHttpException' with message 'Невозможно обработать запрос "favicon.ico".' in Z:\home\autobook\www\framework\web\CWebApplication.php:286
Stack trace:
#0 Z:\home\autobook\www\framework\web\CWebApplication.php(141): CWebApplication->runController('favicon.ico')
#1 Z:\home\autobook\www\framework\base\CApplication.php(169): CWebApplication->processRequest()
#2 Z:\home\autobook\www\index.php(13): CApplication->run()
#3 {main}
REQUEST_URI=/favicon.ico
---
2013/03/15 14:13:11 [error] [exception.CHttpException.404] exception 'CHttpException' with message 'Невозможно обработать запрос "favicon.ico".' in Z:\home\autobook\www\framework\web\CWebApplication.php:286
Stack trace:
#0 Z:\home\autobook\www\framework\web\CWebApplication.php(141): CWebApplication->runController('favicon.ico')
#1 Z:\home\autobook\www\framework\base\CApplication.php(169): CWebApplication->processRequest()
#2 Z:\home\autobook\www\index.php(13): CApplication->run()
#3 {main}
REQUEST_URI=/favicon.ico
---
2013/03/15 14:13:15 [error] [exception.CHttpException.404] exception 'CHttpException' with message 'Системе не удалось найти запрашиваемое действие "registration".' in Z:\home\autobook\www\framework\web\CController.php:483
Stack trace:
#0 Z:\home\autobook\www\framework\web\CController.php(270): CController->missingAction('registration')
#1 Z:\home\autobook\www\framework\web\CWebApplication.php(282): CController->run('registration')
#2 Z:\home\autobook\www\framework\web\CWebApplication.php(141): CWebApplication->runController('site/registrati...')
#3 Z:\home\autobook\www\framework\base\CApplication.php(169): CWebApplication->processRequest()
#4 Z:\home\autobook\www\index.php(13): CApplication->run()
#5 {main}
REQUEST_URI=/index.php/site/registration
HTTP_REFERER=http://autobook/index.php/site/contact
---
2013/03/15 14:13:15 [error] [exception.CHttpException.404] exception 'CHttpException' with message 'Невозможно обработать запрос "favicon.ico".' in Z:\home\autobook\www\framework\web\CWebApplication.php:286
Stack trace:
#0 Z:\home\autobook\www\framework\web\CWebApplication.php(141): CWebApplication->runController('favicon.ico')
#1 Z:\home\autobook\www\framework\base\CApplication.php(169): CWebApplication->processRequest()
#2 Z:\home\autobook\www\index.php(13): CApplication->run()
#3 {main}
REQUEST_URI=/favicon.ico
---
2013/03/15 14:13:16 [error] [exception.CHttpException.404] exception 'CHttpException' with message 'Системе не удалось найти запрашиваемое действие "registration".' in Z:\home\autobook\www\framework\web\CController.php:483
Stack trace:
#0 Z:\home\autobook\www\framework\web\CController.php(270): CController->missingAction('registration')
#1 Z:\home\autobook\www\framework\web\CWebApplication.php(282): CController->run('registration')
#2 Z:\home\autobook\www\framework\web\CWebApplication.php(141): CWebApplication->runController('site/registrati...')
#3 Z:\home\autobook\www\framework\base\CApplication.php(169): CWebApplication->processRequest()
#4 Z:\home\autobook\www\index.php(13): CApplication->run()
#5 {main}
REQUEST_URI=/index.php/site/registration
HTTP_REFERER=http://autobook/index.php/site/registration
---
2013/03/15 14:13:16 [error] [exception.CHttpException.404] exception 'CHttpException' with message 'Невозможно обработать запрос "favicon.ico".' in Z:\home\autobook\www\framework\web\CWebApplication.php:286
Stack trace:
#0 Z:\home\autobook\www\framework\web\CWebApplication.php(141): CWebApplication->runController('favicon.ico')
#1 Z:\home\autobook\www\framework\base\CApplication.php(169): CWebApplication->processRequest()
#2 Z:\home\autobook\www\index.php(13): CApplication->run()
#3 {main}
REQUEST_URI=/favicon.ico
---
2013/03/15 14:13:17 [error] [exception.CHttpException.404] exception 'CHttpException' with message 'Системе не удалось найти запрашиваемое действие "registration".' in Z:\home\autobook\www\framework\web\CController.php:483
Stack trace:
#0 Z:\home\autobook\www\framework\web\CController.php(270): CController->missingAction('registration')
#1 Z:\home\autobook\www\framework\web\CWebApplication.php(282): CController->run('registration')
#2 Z:\home\autobook\www\framework\web\CWebApplication.php(141): CWebApplication->runController('site/registrati...')
#3 Z:\home\autobook\www\framework\base\CApplication.php(169): CWebApplication->processRequest()
#4 Z:\home\autobook\www\index.php(13): CApplication->run()
#5 {main}
REQUEST_URI=/index.php/site/registration
HTTP_REFERER=http://autobook/index.php/site/registration
---
2013/03/15 14:13:17 [error] [exception.CHttpException.404] exception 'CHttpException' with message 'Невозможно обработать запрос "favicon.ico".' in Z:\home\autobook\www\framework\web\CWebApplication.php:286
Stack trace:
#0 Z:\home\autobook\www\framework\web\CWebApplication.php(141): CWebApplication->runController('favicon.ico')
#1 Z:\home\autobook\www\framework\base\CApplication.php(169): CWebApplication->processRequest()
#2 Z:\home\autobook\www\index.php(13): CApplication->run()
#3 {main}
REQUEST_URI=/favicon.ico
---
2013/03/15 14:13:17 [error] [exception.CHttpException.404] exception 'CHttpException' with message 'Системе не удалось найти запрашиваемое действие "registration".' in Z:\home\autobook\www\framework\web\CController.php:483
Stack trace:
#0 Z:\home\autobook\www\framework\web\CController.php(270): CController->missingAction('registration')
#1 Z:\home\autobook\www\framework\web\CWebApplication.php(282): CController->run('registration')
#2 Z:\home\autobook\www\framework\web\CWebApplication.php(141): CWebApplication->runController('site/registrati...')
#3 Z:\home\autobook\www\framework\base\CApplication.php(169): CWebApplication->processRequest()
#4 Z:\home\autobook\www\index.php(13): CApplication->run()
#5 {main}
REQUEST_URI=/index.php/site/registration
HTTP_REFERER=http://autobook/index.php/site/registration
---
2013/03/15 14:13:17 [error] [exception.CHttpException.404] exception 'CHttpException' with message 'Невозможно обработать запрос "favicon.ico".' in Z:\home\autobook\www\framework\web\CWebApplication.php:286
Stack trace:
#0 Z:\home\autobook\www\framework\web\CWebApplication.php(141): CWebApplication->runController('favicon.ico')
#1 Z:\home\autobook\www\framework\base\CApplication.php(169): CWebApplication->processRequest()
#2 Z:\home\autobook\www\index.php(13): CApplication->run()
#3 {main}
REQUEST_URI=/favicon.ico
---
2013/03/15 14:13:17 [error] [exception.CHttpException.404] exception 'CHttpException' with message 'Системе не удалось найти запрашиваемое действие "registration".' in Z:\home\autobook\www\framework\web\CController.php:483
Stack trace:
#0 Z:\home\autobook\www\framework\web\CController.php(270): CController->missingAction('registration')
#1 Z:\home\autobook\www\framework\web\CWebApplication.php(282): CController->run('registration')
#2 Z:\home\autobook\www\framework\web\CWebApplication.php(141): CWebApplication->runController('site/registrati...')
#3 Z:\home\autobook\www\framework\base\CApplication.php(169): CWebApplication->processRequest()
#4 Z:\home\autobook\www\index.php(13): CApplication->run()
#5 {main}
REQUEST_URI=/index.php/site/registration
HTTP_REFERER=http://autobook/index.php/site/registration
---
2013/03/15 14:13:17 [error] [exception.CHttpException.404] exception 'CHttpException' with message 'Невозможно обработать запрос "favicon.ico".' in Z:\home\autobook\www\framework\web\CWebApplication.php:286
Stack trace:
#0 Z:\home\autobook\www\framework\web\CWebApplication.php(141): CWebApplication->runController('favicon.ico')
#1 Z:\home\autobook\www\framework\base\CApplication.php(169): CWebApplication->processRequest()
#2 Z:\home\autobook\www\index.php(13): CApplication->run()
#3 {main}
REQUEST_URI=/favicon.ico
---
2013/03/15 14:13:18 [error] [exception.CHttpException.404] exception 'CHttpException' with message 'Системе не удалось найти запрашиваемое действие "registration".' in Z:\home\autobook\www\framework\web\CController.php:483
Stack trace:
#0 Z:\home\autobook\www\framework\web\CController.php(270): CController->missingAction('registration')
#1 Z:\home\autobook\www\framework\web\CWebApplication.php(282): CController->run('registration')
#2 Z:\home\autobook\www\framework\web\CWebApplication.php(141): CWebApplication->runController('site/registrati...')
#3 Z:\home\autobook\www\framework\base\CApplication.php(169): CWebApplication->processRequest()
#4 Z:\home\autobook\www\index.php(13): CApplication->run()
#5 {main}
REQUEST_URI=/index.php/site/registration
HTTP_REFERER=http://autobook/index.php/site/registration
---
2013/03/15 14:13:18 [error] [exception.CHttpException.404] exception 'CHttpException' with message 'Невозможно обработать запрос "favicon.ico".' in Z:\home\autobook\www\framework\web\CWebApplication.php:286
Stack trace:
#0 Z:\home\autobook\www\framework\web\CWebApplication.php(141): CWebApplication->runController('favicon.ico')
#1 Z:\home\autobook\www\framework\base\CApplication.php(169): CWebApplication->processRequest()
#2 Z:\home\autobook\www\index.php(13): CApplication->run()
#3 {main}
REQUEST_URI=/favicon.ico
---
2013/03/15 14:13:18 [error] [exception.CHttpException.404] exception 'CHttpException' with message 'Системе не удалось найти запрашиваемое действие "registration".' in Z:\home\autobook\www\framework\web\CController.php:483
Stack trace:
#0 Z:\home\autobook\www\framework\web\CController.php(270): CController->missingAction('registration')
#1 Z:\home\autobook\www\framework\web\CWebApplication.php(282): CController->run('registration')
#2 Z:\home\autobook\www\framework\web\CWebApplication.php(141): CWebApplication->runController('site/registrati...')
#3 Z:\home\autobook\www\framework\base\CApplication.php(169): CWebApplication->processRequest()
#4 Z:\home\autobook\www\index.php(13): CApplication->run()
#5 {main}
REQUEST_URI=/index.php/site/registration
HTTP_REFERER=http://autobook/index.php/site/registration
---
2013/03/15 14:13:18 [error] [exception.CHttpException.404] exception 'CHttpException' with message 'Невозможно обработать запрос "favicon.ico".' in Z:\home\autobook\www\framework\web\CWebApplication.php:286
Stack trace:
#0 Z:\home\autobook\www\framework\web\CWebApplication.php(141): CWebApplication->runController('favicon.ico')
#1 Z:\home\autobook\www\framework\base\CApplication.php(169): CWebApplication->processRequest()
#2 Z:\home\autobook\www\index.php(13): CApplication->run()
#3 {main}
REQUEST_URI=/favicon.ico
---
2013/03/15 14:13:18 [error] [exception.CHttpException.404] exception 'CHttpException' with message 'Системе не удалось найти запрашиваемое действие "registration".' in Z:\home\autobook\www\framework\web\CController.php:483
Stack trace:
#0 Z:\home\autobook\www\framework\web\CController.php(270): CController->missingAction('registration')
#1 Z:\home\autobook\www\framework\web\CWebApplication.php(282): CController->run('registration')
#2 Z:\home\autobook\www\framework\web\CWebApplication.php(141): CWebApplication->runController('site/registrati...')
#3 Z:\home\autobook\www\framework\base\CApplication.php(169): CWebApplication->processRequest()
#4 Z:\home\autobook\www\index.php(13): CApplication->run()
#5 {main}
REQUEST_URI=/index.php/site/registration
HTTP_REFERER=http://autobook/index.php/site/registration
---
2013/03/15 14:13:18 [error] [exception.CHttpException.404] exception 'CHttpException' with message 'Невозможно обработать запрос "favicon.ico".' in Z:\home\autobook\www\framework\web\CWebApplication.php:286
Stack trace:
#0 Z:\home\autobook\www\framework\web\CWebApplication.php(141): CWebApplication->runController('favicon.ico')
#1 Z:\home\autobook\www\framework\base\CApplication.php(169): CWebApplication->processRequest()
#2 Z:\home\autobook\www\index.php(13): CApplication->run()
#3 {main}
REQUEST_URI=/favicon.ico
---
2013/03/15 14:13:19 [error] [exception.CHttpException.404] exception 'CHttpException' with message 'Системе не удалось найти запрашиваемое действие "registration".' in Z:\home\autobook\www\framework\web\CController.php:483
Stack trace:
#0 Z:\home\autobook\www\framework\web\CController.php(270): CController->missingAction('registration')
#1 Z:\home\autobook\www\framework\web\CWebApplication.php(282): CController->run('registration')
#2 Z:\home\autobook\www\framework\web\CWebApplication.php(141): CWebApplication->runController('site/registrati...')
#3 Z:\home\autobook\www\framework\base\CApplication.php(169): CWebApplication->processRequest()
#4 Z:\home\autobook\www\index.php(13): CApplication->run()
#5 {main}
REQUEST_URI=/index.php/site/registration
HTTP_REFERER=http://autobook/index.php/site/registration
---
2013/03/15 14:13:19 [error] [exception.CHttpException.404] exception 'CHttpException' with message 'Невозможно обработать запрос "favicon.ico".' in Z:\home\autobook\www\framework\web\CWebApplication.php:286
Stack trace:
#0 Z:\home\autobook\www\framework\web\CWebApplication.php(141): CWebApplication->runController('favicon.ico')
#1 Z:\home\autobook\www\framework\base\CApplication.php(169): CWebApplication->processRequest()
#2 Z:\home\autobook\www\index.php(13): CApplication->run()
#3 {main}
REQUEST_URI=/favicon.ico
---
2013/03/15 14:13:19 [error] [exception.CHttpException.404] exception 'CHttpException' with message 'Системе не удалось найти запрашиваемое действие "registration".' in Z:\home\autobook\www\framework\web\CController.php:483
Stack trace:
#0 Z:\home\autobook\www\framework\web\CController.php(270): CController->missingAction('registration')
#1 Z:\home\autobook\www\framework\web\CWebApplication.php(282): CController->run('registration')
#2 Z:\home\autobook\www\framework\web\CWebApplication.php(141): CWebApplication->runController('site/registrati...')
#3 Z:\home\autobook\www\framework\base\CApplication.php(169): CWebApplication->processRequest()
#4 Z:\home\autobook\www\index.php(13): CApplication->run()
#5 {main}
REQUEST_URI=/index.php/site/registration
HTTP_REFERER=http://autobook/index.php/site/registration
---
2013/03/15 14:13:19 [error] [exception.CHttpException.404] exception 'CHttpException' with message 'Невозможно обработать запрос "favicon.ico".' in Z:\home\autobook\www\framework\web\CWebApplication.php:286
Stack trace:
#0 Z:\home\autobook\www\framework\web\CWebApplication.php(141): CWebApplication->runController('favicon.ico')
#1 Z:\home\autobook\www\framework\base\CApplication.php(169): CWebApplication->processRequest()
#2 Z:\home\autobook\www\index.php(13): CApplication->run()
#3 {main}
REQUEST_URI=/favicon.ico
---
2013/03/15 14:13:19 [error] [exception.CHttpException.404] exception 'CHttpException' with message 'Системе не удалось найти запрашиваемое действие "registration".' in Z:\home\autobook\www\framework\web\CController.php:483
Stack trace:
#0 Z:\home\autobook\www\framework\web\CController.php(270): CController->missingAction('registration')
#1 Z:\home\autobook\www\framework\web\CWebApplication.php(282): CController->run('registration')
#2 Z:\home\autobook\www\framework\web\CWebApplication.php(141): CWebApplication->runController('site/registrati...')
#3 Z:\home\autobook\www\framework\base\CApplication.php(169): CWebApplication->processRequest()
#4 Z:\home\autobook\www\index.php(13): CApplication->run()
#5 {main}
REQUEST_URI=/index.php/site/registration
HTTP_REFERER=http://autobook/index.php/site/registration
---
2013/03/15 14:13:19 [error] [exception.CHttpException.404] exception 'CHttpException' with message 'Невозможно обработать запрос "favicon.ico".' in Z:\home\autobook\www\framework\web\CWebApplication.php:286
Stack trace:
#0 Z:\home\autobook\www\framework\web\CWebApplication.php(141): CWebApplication->runController('favicon.ico')
#1 Z:\home\autobook\www\framework\base\CApplication.php(169): CWebApplication->processRequest()
#2 Z:\home\autobook\www\index.php(13): CApplication->run()
#3 {main}
REQUEST_URI=/favicon.ico
---
2013/03/15 14:13:20 [error] [exception.CHttpException.404] exception 'CHttpException' with message 'Системе не удалось найти запрашиваемое действие "registration".' in Z:\home\autobook\www\framework\web\CController.php:483
Stack trace:
#0 Z:\home\autobook\www\framework\web\CController.php(270): CController->missingAction('registration')
#1 Z:\home\autobook\www\framework\web\CWebApplication.php(282): CController->run('registration')
#2 Z:\home\autobook\www\framework\web\CWebApplication.php(141): CWebApplication->runController('site/registrati...')
#3 Z:\home\autobook\www\framework\base\CApplication.php(169): CWebApplication->processRequest()
#4 Z:\home\autobook\www\index.php(13): CApplication->run()
#5 {main}
REQUEST_URI=/index.php/site/registration
HTTP_REFERER=http://autobook/index.php/site/registration
---
2013/03/15 14:13:20 [error] [exception.CHttpException.404] exception 'CHttpException' with message 'Невозможно обработать запрос "favicon.ico".' in Z:\home\autobook\www\framework\web\CWebApplication.php:286
Stack trace:
#0 Z:\home\autobook\www\framework\web\CWebApplication.php(141): CWebApplication->runController('favicon.ico')
#1 Z:\home\autobook\www\framework\base\CApplication.php(169): CWebApplication->processRequest()
#2 Z:\home\autobook\www\index.php(13): CApplication->run()
#3 {main}
REQUEST_URI=/favicon.ico
---
2013/03/15 14:13:20 [error] [exception.CHttpException.404] exception 'CHttpException' with message 'Системе не удалось найти запрашиваемое действие "registration".' in Z:\home\autobook\www\framework\web\CController.php:483
Stack trace:
#0 Z:\home\autobook\www\framework\web\CController.php(270): CController->missingAction('registration')
#1 Z:\home\autobook\www\framework\web\CWebApplication.php(282): CController->run('registration')
#2 Z:\home\autobook\www\framework\web\CWebApplication.php(141): CWebApplication->runController('site/registrati...')
#3 Z:\home\autobook\www\framework\base\CApplication.php(169): CWebApplication->processRequest()
#4 Z:\home\autobook\www\index.php(13): CApplication->run()
#5 {main}
REQUEST_URI=/index.php/site/registration
HTTP_REFERER=http://autobook/index.php/site/registration
---
2013/03/15 14:13:20 [error] [exception.CHttpException.404] exception 'CHttpException' with message 'Невозможно обработать запрос "favicon.ico".' in Z:\home\autobook\www\framework\web\CWebApplication.php:286
Stack trace:
#0 Z:\home\autobook\www\framework\web\CWebApplication.php(141): CWebApplication->runController('favicon.ico')
#1 Z:\home\autobook\www\framework\base\CApplication.php(169): CWebApplication->processRequest()
#2 Z:\home\autobook\www\index.php(13): CApplication->run()
#3 {main}
REQUEST_URI=/favicon.ico
---
2013/03/15 14:13:20 [error] [exception.CHttpException.404] exception 'CHttpException' with message 'Системе не удалось найти запрашиваемое действие "registration".' in Z:\home\autobook\www\framework\web\CController.php:483
Stack trace:
#0 Z:\home\autobook\www\framework\web\CController.php(270): CController->missingAction('registration')
#1 Z:\home\autobook\www\framework\web\CWebApplication.php(282): CController->run('registration')
#2 Z:\home\autobook\www\framework\web\CWebApplication.php(141): CWebApplication->runController('site/registrati...')
#3 Z:\home\autobook\www\framework\base\CApplication.php(169): CWebApplication->processRequest()
#4 Z:\home\autobook\www\index.php(13): CApplication->run()
#5 {main}
REQUEST_URI=/index.php/site/registration
HTTP_REFERER=http://autobook/index.php/site/registration
---
2013/03/15 14:13:20 [error] [exception.CHttpException.404] exception 'CHttpException' with message 'Невозможно обработать запрос "favicon.ico".' in Z:\home\autobook\www\framework\web\CWebApplication.php:286
Stack trace:
#0 Z:\home\autobook\www\framework\web\CWebApplication.php(141): CWebApplication->runController('favicon.ico')
#1 Z:\home\autobook\www\framework\base\CApplication.php(169): CWebApplication->processRequest()
#2 Z:\home\autobook\www\index.php(13): CApplication->run()
#3 {main}
REQUEST_URI=/favicon.ico
---
2013/03/15 14:13:21 [error] [exception.CHttpException.404] exception 'CHttpException' with message 'Системе не удалось найти запрашиваемое действие "registration".' in Z:\home\autobook\www\framework\web\CController.php:483
Stack trace:
#0 Z:\home\autobook\www\framework\web\CController.php(270): CController->missingAction('registration')
#1 Z:\home\autobook\www\framework\web\CWebApplication.php(282): CController->run('registration')
#2 Z:\home\autobook\www\framework\web\CWebApplication.php(141): CWebApplication->runController('site/registrati...')
#3 Z:\home\autobook\www\framework\base\CApplication.php(169): CWebApplication->processRequest()
#4 Z:\home\autobook\www\index.php(13): CApplication->run()
#5 {main}
REQUEST_URI=/index.php/site/registration
HTTP_REFERER=http://autobook/index.php/site/registration
---
2013/03/15 14:13:21 [error] [exception.CHttpException.404] exception 'CHttpException' with message 'Невозможно обработать запрос "favicon.ico".' in Z:\home\autobook\www\framework\web\CWebApplication.php:286
Stack trace:
#0 Z:\home\autobook\www\framework\web\CWebApplication.php(141): CWebApplication->runController('favicon.ico')
#1 Z:\home\autobook\www\framework\base\CApplication.php(169): CWebApplication->processRequest()
#2 Z:\home\autobook\www\index.php(13): CApplication->run()
#3 {main}
REQUEST_URI=/favicon.ico
---
2013/03/15 14:13:21 [error] [exception.CHttpException.404] exception 'CHttpException' with message 'Системе не удалось найти запрашиваемое действие "registration".' in Z:\home\autobook\www\framework\web\CController.php:483
Stack trace:
#0 Z:\home\autobook\www\framework\web\CController.php(270): CController->missingAction('registration')
#1 Z:\home\autobook\www\framework\web\CWebApplication.php(282): CController->run('registration')
#2 Z:\home\autobook\www\framework\web\CWebApplication.php(141): CWebApplication->runController('site/registrati...')
#3 Z:\home\autobook\www\framework\base\CApplication.php(169): CWebApplication->processRequest()
#4 Z:\home\autobook\www\index.php(13): CApplication->run()
#5 {main}
REQUEST_URI=/index.php/site/registration
HTTP_REFERER=http://autobook/index.php/site/registration
---
2013/03/15 14:13:21 [error] [exception.CHttpException.404] exception 'CHttpException' with message 'Невозможно обработать запрос "favicon.ico".' in Z:\home\autobook\www\framework\web\CWebApplication.php:286
Stack trace:
#0 Z:\home\autobook\www\framework\web\CWebApplication.php(141): CWebApplication->runController('favicon.ico')
#1 Z:\home\autobook\www\framework\base\CApplication.php(169): CWebApplication->processRequest()
#2 Z:\home\autobook\www\index.php(13): CApplication->run()
#3 {main}
REQUEST_URI=/favicon.ico
---
2013/03/15 14:13:42 [error] [exception.CHttpException.404] exception 'CHttpException' with message 'Невозможно обработать запрос "favicon.ico".' in Z:\home\autobook\www\framework\web\CWebApplication.php:286
Stack trace:
#0 Z:\home\autobook\www\framework\web\CWebApplication.php(141): CWebApplication->runController('favicon.ico')
#1 Z:\home\autobook\www\framework\base\CApplication.php(169): CWebApplication->processRequest()
#2 Z:\home\autobook\www\index.php(13): CApplication->run()
#3 {main}
REQUEST_URI=/favicon.ico
---
2013/03/15 14:13:45 [error] [exception.CHttpException.404] exception 'CHttpException' with message 'Системе не удалось найти запрашиваемое действие "registration".' in Z:\home\autobook\www\framework\web\CController.php:483
Stack trace:
#0 Z:\home\autobook\www\framework\web\CController.php(270): CController->missingAction('registration')
#1 Z:\home\autobook\www\framework\web\CWebApplication.php(282): CController->run('registration')
#2 Z:\home\autobook\www\framework\web\CWebApplication.php(141): CWebApplication->runController('site/registrati...')
#3 Z:\home\autobook\www\framework\base\CApplication.php(169): CWebApplication->processRequest()
#4 Z:\home\autobook\www\index.php(13): CApplication->run()
#5 {main}
REQUEST_URI=/index.php/site/registration
HTTP_REFERER=http://autobook/index.php/site/index
---
2013/03/15 14:13:45 [error] [exception.CHttpException.404] exception 'CHttpException' with message 'Невозможно обработать запрос "favicon.ico".' in Z:\home\autobook\www\framework\web\CWebApplication.php:286
Stack trace:
#0 Z:\home\autobook\www\framework\web\CWebApplication.php(141): CWebApplication->runController('favicon.ico')
#1 Z:\home\autobook\www\framework\base\CApplication.php(169): CWebApplication->processRequest()
#2 Z:\home\autobook\www\index.php(13): CApplication->run()
#3 {main}
REQUEST_URI=/favicon.ico
---
2013/03/15 14:13:48 [error] [exception.CHttpException.404] exception 'CHttpException' with message 'Невозможно обработать запрос "favicon.ico".' in Z:\home\autobook\www\framework\web\CWebApplication.php:286
Stack trace:
#0 Z:\home\autobook\www\framework\web\CWebApplication.php(141): CWebApplication->runController('favicon.ico')
#1 Z:\home\autobook\www\framework\base\CApplication.php(169): CWebApplication->processRequest()
#2 Z:\home\autobook\www\index.php(13): CApplication->run()
#3 {main}
REQUEST_URI=/favicon.ico
---
2013/03/15 14:13:49 [error] [exception.CHttpException.404] exception 'CHttpException' with message 'Системе не удалось найти запрашиваемое действие "registration".' in Z:\home\autobook\www\framework\web\CController.php:483
Stack trace:
#0 Z:\home\autobook\www\framework\web\CController.php(270): CController->missingAction('registration')
#1 Z:\home\autobook\www\framework\web\CWebApplication.php(282): CController->run('registration')
#2 Z:\home\autobook\www\framework\web\CWebApplication.php(141): CWebApplication->runController('site/registrati...')
#3 Z:\home\autobook\www\framework\base\CApplication.php(169): CWebApplication->processRequest()
#4 Z:\home\autobook\www\index.php(13): CApplication->run()
#5 {main}
REQUEST_URI=/index.php/site/registration
HTTP_REFERER=http://autobook/index.php/site/index
---
2013/03/15 14:13:49 [error] [exception.CHttpException.404] exception 'CHttpException' with message 'Невозможно обработать запрос "favicon.ico".' in Z:\home\autobook\www\framework\web\CWebApplication.php:286
Stack trace:
#0 Z:\home\autobook\www\framework\web\CWebApplication.php(141): CWebApplication->runController('favicon.ico')
#1 Z:\home\autobook\www\framework\base\CApplication.php(169): CWebApplication->processRequest()
#2 Z:\home\autobook\www\index.php(13): CApplication->run()
#3 {main}
REQUEST_URI=/favicon.ico
---
2013/03/15 14:13:52 [error] [exception.CHttpException.404] exception 'CHttpException' with message 'Невозможно обработать запрос "favicon.ico".' in Z:\home\autobook\www\framework\web\CWebApplication.php:286
Stack trace:
#0 Z:\home\autobook\www\framework\web\CWebApplication.php(141): CWebApplication->runController('favicon.ico')
#1 Z:\home\autobook\www\framework\base\CApplication.php(169): CWebApplication->processRequest()
#2 Z:\home\autobook\www\index.php(13): CApplication->run()
#3 {main}
REQUEST_URI=/favicon.ico
---
2013/03/15 14:14:01 [error] [exception.CHttpException.404] exception 'CHttpException' with message 'Невозможно обработать запрос "favicon.ico".' in Z:\home\autobook\www\framework\web\CWebApplication.php:286
Stack trace:
#0 Z:\home\autobook\www\framework\web\CWebApplication.php(141): CWebApplication->runController('favicon.ico')
#1 Z:\home\autobook\www\framework\base\CApplication.php(169): CWebApplication->processRequest()
#2 Z:\home\autobook\www\index.php(13): CApplication->run()
#3 {main}
REQUEST_URI=/favicon.ico
---
2013/03/15 14:14:03 [error] [exception.CHttpException.404] exception 'CHttpException' with message 'Невозможно обработать запрос "favicon.ico".' in Z:\home\autobook\www\framework\web\CWebApplication.php:286
Stack trace:
#0 Z:\home\autobook\www\framework\web\CWebApplication.php(141): CWebApplication->runController('favicon.ico')
#1 Z:\home\autobook\www\framework\base\CApplication.php(169): CWebApplication->processRequest()
#2 Z:\home\autobook\www\index.php(13): CApplication->run()
#3 {main}
REQUEST_URI=/favicon.ico
---
2013/03/15 14:14:16 [error] [exception.CHttpException.404] exception 'CHttpException' with message 'Невозможно обработать запрос "favicon.ico".' in Z:\home\autobook\www\framework\web\CWebApplication.php:286
Stack trace:
#0 Z:\home\autobook\www\framework\web\CWebApplication.php(141): CWebApplication->runController('favicon.ico')
#1 Z:\home\autobook\www\framework\base\CApplication.php(169): CWebApplication->processRequest()
#2 Z:\home\autobook\www\index.php(13): CApplication->run()
#3 {main}
REQUEST_URI=/favicon.ico
---
2013/03/15 14:14:29 [error] [exception.CHttpException.404] exception 'CHttpException' with message 'Системе не удалось найти запрашиваемое действие "registration".' in Z:\home\autobook\www\framework\web\CController.php:483
Stack trace:
#0 Z:\home\autobook\www\framework\web\CController.php(270): CController->missingAction('registration')
#1 Z:\home\autobook\www\framework\web\CWebApplication.php(282): CController->run('registration')
#2 Z:\home\autobook\www\framework\web\CWebApplication.php(141): CWebApplication->runController('site/registrati...')
#3 Z:\home\autobook\www\framework\base\CApplication.php(169): CWebApplication->processRequest()
#4 Z:\home\autobook\www\index.php(13): CApplication->run()
#5 {main}
REQUEST_URI=/index.php/site/registration
HTTP_REFERER=http://autobook/index.php/site/index
---
2013/03/15 14:14:29 [error] [exception.CHttpException.404] exception 'CHttpException' with message 'Невозможно обработать запрос "favicon.ico".' in Z:\home\autobook\www\framework\web\CWebApplication.php:286
Stack trace:
#0 Z:\home\autobook\www\framework\web\CWebApplication.php(141): CWebApplication->runController('favicon.ico')
#1 Z:\home\autobook\www\framework\base\CApplication.php(169): CWebApplication->processRequest()
#2 Z:\home\autobook\www\index.php(13): CApplication->run()
#3 {main}
REQUEST_URI=/favicon.ico
---
2013/03/15 14:14:54 [error] [exception.CHttpException.404] exception 'CHttpException' with message 'Невозможно обработать запрос "favicon.ico".' in Z:\home\autobook\www\framework\web\CWebApplication.php:286
Stack trace:
#0 Z:\home\autobook\www\framework\web\CWebApplication.php(141): CWebApplication->runController('favicon.ico')
#1 Z:\home\autobook\www\framework\base\CApplication.php(169): CWebApplication->processRequest()
#2 Z:\home\autobook\www\index.php(13): CApplication->run()
#3 {main}
REQUEST_URI=/favicon.ico
---
2013/03/15 14:15:24 [error] [exception.CHttpException.404] exception 'CHttpException' with message 'Невозможно обработать запрос "favicon.ico".' in Z:\home\autobook\www\framework\web\CWebApplication.php:286
Stack trace:
#0 Z:\home\autobook\www\framework\web\CWebApplication.php(141): CWebApplication->runController('favicon.ico')
#1 Z:\home\autobook\www\framework\base\CApplication.php(169): CWebApplication->processRequest()
#2 Z:\home\autobook\www\index.php(13): CApplication->run()
#3 {main}
REQUEST_URI=/favicon.ico
---
2013/03/15 14:17:01 [error] [exception.CHttpException.404] exception 'CHttpException' with message 'Невозможно обработать запрос "favicon.ico".' in Z:\home\autobook\www\framework\web\CWebApplication.php:286
Stack trace:
#0 Z:\home\autobook\www\framework\web\CWebApplication.php(141): CWebApplication->runController('favicon.ico')
#1 Z:\home\autobook\www\framework\base\CApplication.php(169): CWebApplication->processRequest()
#2 Z:\home\autobook\www\index.php(13): CApplication->run()
#3 {main}
REQUEST_URI=/favicon.ico
---
2013/03/15 14:17:04 [error] [exception.CHttpException.404] exception 'CHttpException' with message 'Невозможно обработать запрос "favicon.ico".' in Z:\home\autobook\www\framework\web\CWebApplication.php:286
Stack trace:
#0 Z:\home\autobook\www\framework\web\CWebApplication.php(141): CWebApplication->runController('favicon.ico')
#1 Z:\home\autobook\www\framework\base\CApplication.php(169): CWebApplication->processRequest()
#2 Z:\home\autobook\www\index.php(13): CApplication->run()
#3 {main}
REQUEST_URI=/favicon.ico
---
2013/03/15 14:17:07 [error] [exception.CHttpException.404] exception 'CHttpException' with message 'Невозможно обработать запрос "favicon.ico".' in Z:\home\autobook\www\framework\web\CWebApplication.php:286
Stack trace:
#0 Z:\home\autobook\www\framework\web\CWebApplication.php(141): CWebApplication->runController('favicon.ico')
#1 Z:\home\autobook\www\framework\base\CApplication.php(169): CWebApplication->processRequest()
#2 Z:\home\autobook\www\index.php(13): CApplication->run()
#3 {main}
REQUEST_URI=/favicon.ico
---
2013/03/15 14:17:08 [error] [exception.CHttpException.404] exception 'CHttpException' with message 'Невозможно обработать запрос "favicon.ico".' in Z:\home\autobook\www\framework\web\CWebApplication.php:286
Stack trace:
#0 Z:\home\autobook\www\framework\web\CWebApplication.php(141): CWebApplication->runController('favicon.ico')
#1 Z:\home\autobook\www\framework\base\CApplication.php(169): CWebApplication->processRequest()
#2 Z:\home\autobook\www\index.php(13): CApplication->run()
#3 {main}
REQUEST_URI=/favicon.ico
---
2013/03/15 14:19:06 [error] [exception.CHttpException.404] exception 'CHttpException' with message 'Невозможно обработать запрос "favicon.ico".' in Z:\home\autobook\www\framework\web\CWebApplication.php:286
Stack trace:
#0 Z:\home\autobook\www\framework\web\CWebApplication.php(141): CWebApplication->runController('favicon.ico')
#1 Z:\home\autobook\www\framework\base\CApplication.php(169): CWebApplication->processRequest()
#2 Z:\home\autobook\www\index.php(13): CApplication->run()
#3 {main}
REQUEST_URI=/favicon.ico
---
2013/03/15 14:19:08 [error] [exception.CHttpException.404] exception 'CHttpException' with message 'Невозможно обработать запрос "favicon.ico".' in Z:\home\autobook\www\framework\web\CWebApplication.php:286
Stack trace:
#0 Z:\home\autobook\www\framework\web\CWebApplication.php(141): CWebApplication->runController('favicon.ico')
#1 Z:\home\autobook\www\framework\base\CApplication.php(169): CWebApplication->processRequest()
#2 Z:\home\autobook\www\index.php(13): CApplication->run()
#3 {main}
REQUEST_URI=/favicon.ico
---
2013/03/15 14:19:08 [error] [exception.CHttpException.404] exception 'CHttpException' with message 'Невозможно обработать запрос "favicon.ico".' in Z:\home\autobook\www\framework\web\CWebApplication.php:286
Stack trace:
#0 Z:\home\autobook\www\framework\web\CWebApplication.php(141): CWebApplication->runController('favicon.ico')
#1 Z:\home\autobook\www\framework\base\CApplication.php(169): CWebApplication->processRequest()
#2 Z:\home\autobook\www\index.php(13): CApplication->run()
#3 {main}
REQUEST_URI=/favicon.ico
---
2013/03/15 14:19:09 [error] [exception.CHttpException.404] exception 'CHttpException' with message 'Невозможно обработать запрос "favicon.ico".' in Z:\home\autobook\www\framework\web\CWebApplication.php:286
Stack trace:
#0 Z:\home\autobook\www\framework\web\CWebApplication.php(141): CWebApplication->runController('favicon.ico')
#1 Z:\home\autobook\www\framework\base\CApplication.php(169): CWebApplication->processRequest()
#2 Z:\home\autobook\www\index.php(13): CApplication->run()
#3 {main}
REQUEST_URI=/favicon.ico
---
2013/03/15 14:19:09 [error] [exception.CHttpException.404] exception 'CHttpException' with message 'Невозможно обработать запрос "favicon.ico".' in Z:\home\autobook\www\framework\web\CWebApplication.php:286
Stack trace:
#0 Z:\home\autobook\www\framework\web\CWebApplication.php(141): CWebApplication->runController('favicon.ico')
#1 Z:\home\autobook\www\framework\base\CApplication.php(169): CWebApplication->processRequest()
#2 Z:\home\autobook\www\index.php(13): CApplication->run()
#3 {main}
REQUEST_URI=/favicon.ico
---
2013/03/15 14:19:32 [error] [exception.CHttpException.404] exception 'CHttpException' with message 'Невозможно обработать запрос "favicon.ico".' in Z:\home\autobook\www\framework\web\CWebApplication.php:286
Stack trace:
#0 Z:\home\autobook\www\framework\web\CWebApplication.php(141): CWebApplication->runController('favicon.ico')
#1 Z:\home\autobook\www\framework\base\CApplication.php(169): CWebApplication->processRequest()
#2 Z:\home\autobook\www\index.php(13): CApplication->run()
#3 {main}
REQUEST_URI=/favicon.ico
---
2013/03/15 14:22:17 [error] [exception.CHttpException.404] exception 'CHttpException' with message 'Невозможно обработать запрос "favicon.ico".' in Z:\home\autobook\www\framework\web\CWebApplication.php:286
Stack trace:
#0 Z:\home\autobook\www\framework\web\CWebApplication.php(141): CWebApplication->runController('favicon.ico')
#1 Z:\home\autobook\www\framework\base\CApplication.php(169): CWebApplication->processRequest()
#2 Z:\home\autobook\www\index.php(13): CApplication->run()
#3 {main}
REQUEST_URI=/favicon.ico
---
2013/03/15 16:22:09 [error] [exception.CHttpException.404] exception 'CHttpException' with message 'Невозможно обработать запрос "favicon.ico".' in Z:\home\autobook\www\framework\web\CWebApplication.php:286
Stack trace:
#0 Z:\home\autobook\www\framework\web\CWebApplication.php(141): CWebApplication->runController('favicon.ico')
#1 Z:\home\autobook\www\framework\base\CApplication.php(169): CWebApplication->processRequest()
#2 Z:\home\autobook\www\index.php(13): CApplication->run()
#3 {main}
REQUEST_URI=/favicon.ico
---
2013/03/15 16:22:38 [error] [exception.CException] exception 'CException' with message 'Не определено свойство "Registration.create".' in Z:\home\autobook\www\framework\base\CComponent.php:173
Stack trace:
#0 Z:\home\autobook\www\framework\db\ar\CActiveRecord.php(159): CComponent->__set('create', 1363350158)
#1 Z:\home\autobook\www\protected\models\Registration.php(104): CActiveRecord->__set('create', 1363350158)
#2 Z:\home\autobook\www\framework\db\ar\CActiveRecord.php(1017): Registration->beforeSave()
#3 Z:\home\autobook\www\framework\db\ar\CActiveRecord.php(795): CActiveRecord->insert(NULL)
#4 Z:\home\autobook\www\protected\controllers\SiteController.php(121): CActiveRecord->save()
#5 Z:\home\autobook\www\framework\web\actions\CInlineAction.php(49): SiteController->actionRegistration()
#6 Z:\home\autobook\www\framework\web\CController.php(308): CInlineAction->runWithParams(Array)
#7 Z:\home\autobook\www\framework\web\CController.php(286): CController->runAction(Object(CInlineAction))
#8 Z:\home\autobook\www\framework\web\CController.php(265): CController->runActionWithFilters(Object(CInlineAction), Array)
#9 Z:\home\autobook\www\framework\web\CWebApplication.php(282): CController->run('registration')
#10 Z:\home\autobook\www\framework\web\CWebApplication.php(141): CWebApplication->runController('site/registrati...')
#11 Z:\home\autobook\www\framework\base\CApplication.php(169): CWebApplication->processRequest()
#12 Z:\home\autobook\www\index.php(13): CApplication->run()
#13 {main}
REQUEST_URI=/index.php/site/registration
HTTP_REFERER=http://autobook/index.php/site/registration
---
2013/03/15 16:22:39 [error] [exception.CHttpException.404] exception 'CHttpException' with message 'Невозможно обработать запрос "favicon.ico".' in Z:\home\autobook\www\framework\web\CWebApplication.php:286
Stack trace:
#0 Z:\home\autobook\www\framework\web\CWebApplication.php(141): CWebApplication->runController('favicon.ico')
#1 Z:\home\autobook\www\framework\base\CApplication.php(169): CWebApplication->processRequest()
#2 Z:\home\autobook\www\index.php(13): CApplication->run()
#3 {main}
REQUEST_URI=/favicon.ico
---
2013/03/15 16:23:35 [error] [exception.CHttpException.404] exception 'CHttpException' with message 'Невозможно обработать запрос "favicon.ico".' in Z:\home\autobook\www\framework\web\CWebApplication.php:286
Stack trace:
#0 Z:\home\autobook\www\framework\web\CWebApplication.php(141): CWebApplication->runController('favicon.ico')
#1 Z:\home\autobook\www\framework\base\CApplication.php(169): CWebApplication->processRequest()
#2 Z:\home\autobook\www\index.php(13): CApplication->run()
#3 {main}
REQUEST_URI=/favicon.ico
---
2013/03/15 16:24:02 [error] [exception.CException] exception 'CException' with message 'Не определено свойство "Registration.created".' in Z:\home\autobook\www\framework\base\CComponent.php:173
Stack trace:
#0 Z:\home\autobook\www\framework\db\ar\CActiveRecord.php(159): CComponent->__set('created', 1363350242)
#1 Z:\home\autobook\www\protected\models\Registration.php(104): CActiveRecord->__set('created', 1363350242)
#2 Z:\home\autobook\www\framework\db\ar\CActiveRecord.php(1017): Registration->beforeSave()
#3 Z:\home\autobook\www\framework\db\ar\CActiveRecord.php(795): CActiveRecord->insert(NULL)
#4 Z:\home\autobook\www\protected\controllers\SiteController.php(121): CActiveRecord->save()
#5 Z:\home\autobook\www\framework\web\actions\CInlineAction.php(49): SiteController->actionRegistration()
#6 Z:\home\autobook\www\framework\web\CController.php(308): CInlineAction->runWithParams(Array)
#7 Z:\home\autobook\www\framework\web\CController.php(286): CController->runAction(Object(CInlineAction))
#8 Z:\home\autobook\www\framework\web\CController.php(265): CController->runActionWithFilters(Object(CInlineAction), Array)
#9 Z:\home\autobook\www\framework\web\CWebApplication.php(282): CController->run('registration')
#10 Z:\home\autobook\www\framework\web\CWebApplication.php(141): CWebApplication->runController('site/registrati...')
#11 Z:\home\autobook\www\framework\base\CApplication.php(169): CWebApplication->processRequest()
#12 Z:\home\autobook\www\index.php(13): CApplication->run()
#13 {main}
REQUEST_URI=/index.php/site/registration
HTTP_REFERER=http://autobook/index.php/site/registration
---
2013/03/15 16:24:02 [error] [exception.CHttpException.404] exception 'CHttpException' with message 'Невозможно обработать запрос "favicon.ico".' in Z:\home\autobook\www\framework\web\CWebApplication.php:286
Stack trace:
#0 Z:\home\autobook\www\framework\web\CWebApplication.php(141): CWebApplication->runController('favicon.ico')
#1 Z:\home\autobook\www\framework\base\CApplication.php(169): CWebApplication->processRequest()
#2 Z:\home\autobook\www\index.php(13): CApplication->run()
#3 {main}
REQUEST_URI=/favicon.ico
---
2013/03/15 16:24:29 [error] [exception.CHttpException.404] exception 'CHttpException' with message 'Невозможно обработать запрос "favicon.ico".' in Z:\home\autobook\www\framework\web\CWebApplication.php:286
Stack trace:
#0 Z:\home\autobook\www\framework\web\CWebApplication.php(141): CWebApplication->runController('favicon.ico')
#1 Z:\home\autobook\www\framework\base\CApplication.php(169): CWebApplication->processRequest()
#2 Z:\home\autobook\www\index.php(13): CApplication->run()
#3 {main}
REQUEST_URI=/favicon.ico
---
2013/03/15 16:24:35 [error] [exception.CHttpException.404] exception 'CHttpException' with message 'Невозможно обработать запрос "favicon.ico".' in Z:\home\autobook\www\framework\web\CWebApplication.php:286
Stack trace:
#0 Z:\home\autobook\www\framework\web\CWebApplication.php(141): CWebApplication->runController('favicon.ico')
#1 Z:\home\autobook\www\framework\base\CApplication.php(169): CWebApplication->processRequest()
#2 Z:\home\autobook\www\index.php(13): CApplication->run()
#3 {main}
REQUEST_URI=/favicon.ico
---
2013/03/15 16:26:12 [error] [exception.CHttpException.404] exception 'CHttpException' with message 'Невозможно обработать запрос "favicon.ico".' in Z:\home\autobook\www\framework\web\CWebApplication.php:286
Stack trace:
#0 Z:\home\autobook\www\framework\web\CWebApplication.php(141): CWebApplication->runController('favicon.ico')
#1 Z:\home\autobook\www\framework\base\CApplication.php(169): CWebApplication->processRequest()
#2 Z:\home\autobook\www\index.php(13): CApplication->run()
#3 {main}
REQUEST_URI=/favicon.ico
---
2013/03/15 16:26:52 [error] [exception.CHttpException.404] exception 'CHttpException' with message 'Невозможно обработать запрос "favicon.ico".' in Z:\home\autobook\www\framework\web\CWebApplication.php:286
Stack trace:
#0 Z:\home\autobook\www\framework\web\CWebApplication.php(141): CWebApplication->runController('favicon.ico')
#1 Z:\home\autobook\www\framework\base\CApplication.php(169): CWebApplication->processRequest()
#2 Z:\home\autobook\www\index.php(13): CApplication->run()
#3 {main}
REQUEST_URI=/favicon.ico
---
2013/03/15 16:30:41 [error] [exception.CHttpException.404] exception 'CHttpException' with message 'Невозможно обработать запрос "favicon.ico".' in Z:\home\autobook\www\framework\web\CWebApplication.php:286
Stack trace:
#0 Z:\home\autobook\www\framework\web\CWebApplication.php(141): CWebApplication->runController('favicon.ico')
#1 Z:\home\autobook\www\framework\base\CApplication.php(169): CWebApplication->processRequest()
#2 Z:\home\autobook\www\index.php(13): CApplication->run()
#3 {main}
REQUEST_URI=/favicon.ico
---
2013/03/15 16:31:12 [error] [exception.CHttpException.404] exception 'CHttpException' with message 'Невозможно обработать запрос "favicon.ico".' in Z:\home\autobook\www\framework\web\CWebApplication.php:286
Stack trace:
#0 Z:\home\autobook\www\framework\web\CWebApplication.php(141): CWebApplication->runController('favicon.ico')
#1 Z:\home\autobook\www\framework\base\CApplication.php(169): CWebApplication->processRequest()
#2 Z:\home\autobook\www\index.php(13): CApplication->run()
#3 {main}
REQUEST_URI=/favicon.ico
---
2013/03/15 16:35:39 [error] [exception.CHttpException.404] exception 'CHttpException' with message 'Невозможно обработать запрос "favicon.ico".' in Z:\home\autobook\www\framework\web\CWebApplication.php:286
Stack trace:
#0 Z:\home\autobook\www\framework\web\CWebApplication.php(141): CWebApplication->runController('favicon.ico')
#1 Z:\home\autobook\www\framework\base\CApplication.php(169): CWebApplication->processRequest()
#2 Z:\home\autobook\www\index.php(13): CApplication->run()
#3 {main}
REQUEST_URI=/favicon.ico
---
2013/03/15 16:36:19 [error] [exception.CHttpException.404] exception 'CHttpException' with message 'Невозможно обработать запрос "favicon.ico".' in Z:\home\autobook\www\framework\web\CWebApplication.php:286
Stack trace:
#0 Z:\home\autobook\www\framework\web\CWebApplication.php(141): CWebApplication->runController('favicon.ico')
#1 Z:\home\autobook\www\framework\base\CApplication.php(169): CWebApplication->processRequest()
#2 Z:\home\autobook\www\index.php(13): CApplication->run()
#3 {main}
REQUEST_URI=/favicon.ico
---
2013/03/15 16:36:22 [error] [exception.CHttpException.404] exception 'CHttpException' with message 'Невозможно обработать запрос "favicon.ico".' in Z:\home\autobook\www\framework\web\CWebApplication.php:286
Stack trace:
#0 Z:\home\autobook\www\framework\web\CWebApplication.php(141): CWebApplication->runController('favicon.ico')
#1 Z:\home\autobook\www\framework\base\CApplication.php(169): CWebApplication->processRequest()
#2 Z:\home\autobook\www\index.php(13): CApplication->run()
#3 {main}
REQUEST_URI=/favicon.ico
---
2013/03/15 16:36:38 [error] [php] include(User.php) [<a href='function.include'>function.include</a>]: failed to open stream: No such file or directory (Z:\home\autobook\www\framework\YiiBase.php:421)
Stack trace:
#0 Z:\home\autobook\www\protected\components\UserIdentity.php(9): spl_autoload_call()
#1 Z:\home\autobook\www\protected\models\LoginForm.php(52): UserIdentity->authenticate()
#2 Z:\home\autobook\www\framework\validators\CInlineValidator.php(42): LoginForm->authenticate()
#3 Z:\home\autobook\www\framework\validators\CValidator.php(213): CInlineValidator->validateAttribute()
#4 Z:\home\autobook\www\framework\base\CModel.php(159): CInlineValidator->validate()
#5 Z:\home\autobook\www\protected\controllers\SiteController.php(94): LoginForm->validate()
#6 Z:\home\autobook\www\framework\web\actions\CInlineAction.php(49): SiteController->actionLogin()
#7 Z:\home\autobook\www\framework\web\CController.php(308): CInlineAction->runWithParams()
#8 Z:\home\autobook\www\framework\web\CController.php(286): SiteController->runAction()
#9 Z:\home\autobook\www\framework\web\CController.php(265): SiteController->runActionWithFilters()
#10 Z:\home\autobook\www\framework\web\CWebApplication.php(282): SiteController->run()
#11 Z:\home\autobook\www\framework\web\CWebApplication.php(141): CWebApplication->runController()
#12 Z:\home\autobook\www\framework\base\CApplication.php(169): CWebApplication->processRequest()
#13 Z:\home\autobook\www\index.php(13): CWebApplication->run()
REQUEST_URI=/index.php/site/login
in Z:\home\autobook\www\protected\components\UserIdentity.php (9)
in Z:\home\autobook\www\protected\models\LoginForm.php (52)
in Z:\home\autobook\www\protected\controllers\SiteController.php (94)
2013/03/15 16:36:38 [error] [exception.CHttpException.404] exception 'CHttpException' with message 'Невозможно обработать запрос "favicon.ico".' in Z:\home\autobook\www\framework\web\CWebApplication.php:286
Stack trace:
#0 Z:\home\autobook\www\framework\web\CWebApplication.php(141): CWebApplication->runController('favicon.ico')
#1 Z:\home\autobook\www\framework\base\CApplication.php(169): CWebApplication->processRequest()
#2 Z:\home\autobook\www\index.php(13): CApplication->run()
#3 {main}
REQUEST_URI=/favicon.ico
---
2013/03/15 16:38:52 [error] [exception.CHttpException.404] exception 'CHttpException' with message 'Невозможно обработать запрос "favicon.ico".' in Z:\home\autobook\www\framework\web\CWebApplication.php:286
Stack trace:
#0 Z:\home\autobook\www\framework\web\CWebApplication.php(141): CWebApplication->runController('favicon.ico')
#1 Z:\home\autobook\www\framework\base\CApplication.php(169): CWebApplication->processRequest()
#2 Z:\home\autobook\www\index.php(13): CApplication->run()
#3 {main}
REQUEST_URI=/favicon.ico
---
2013/03/15 16:40:10 [error] [exception.CHttpException.404] exception 'CHttpException' with message 'Невозможно обработать запрос "favicon.ico".' in Z:\home\autobook\www\framework\web\CWebApplication.php:286
Stack trace:
#0 Z:\home\autobook\www\framework\web\CWebApplication.php(141): CWebApplication->runController('favicon.ico')
#1 Z:\home\autobook\www\framework\base\CApplication.php(169): CWebApplication->processRequest()
#2 Z:\home\autobook\www\index.php(13): CApplication->run()
#3 {main}
REQUEST_URI=/favicon.ico
---
2013/03/15 16:40:22 [error] [exception.CException] exception 'CException' with message 'Не определено свойство "Registration.email".' in Z:\home\autobook\www\framework\base\CComponent.php:130
Stack trace:
#0 Z:\home\autobook\www\framework\db\ar\CActiveRecord.php(143): CComponent->__get('email')
#1 Z:\home\autobook\www\framework\validators\CEmailValidator.php(68): CActiveRecord->__get('email')
#2 Z:\home\autobook\www\framework\validators\CValidator.php(213): CEmailValidator->validateAttribute(Object(Registration), 'email')
#3 Z:\home\autobook\www\framework\base\CModel.php(159): CValidator->validate(Object(Registration), NULL)
#4 Z:\home\autobook\www\framework\db\ar\CActiveRecord.php(794): CModel->validate(NULL)
#5 Z:\home\autobook\www\protected\controllers\SiteController.php(121): CActiveRecord->save()
#6 Z:\home\autobook\www\framework\web\actions\CInlineAction.php(49): SiteController->actionRegistration()
#7 Z:\home\autobook\www\framework\web\CController.php(308): CInlineAction->runWithParams(Array)
#8 Z:\home\autobook\www\framework\web\CController.php(286): CController->runAction(Object(CInlineAction))
#9 Z:\home\autobook\www\framework\web\CController.php(265): CController->runActionWithFilters(Object(CInlineAction), Array)
#10 Z:\home\autobook\www\framework\web\CWebApplication.php(282): CController->run('registration')
#11 Z:\home\autobook\www\framework\web\CWebApplication.php(141): CWebApplication->runController('site/registrati...')
#12 Z:\home\autobook\www\framework\base\CApplication.php(169): CWebApplication->processRequest()
#13 Z:\home\autobook\www\index.php(13): CApplication->run()
#14 {main}
REQUEST_URI=/index.php/site/registration
HTTP_REFERER=http://autobook/index.php/site/registration
---
2013/03/15 16:40:23 [error] [exception.CHttpException.404] exception 'CHttpException' with message 'Невозможно обработать запрос "favicon.ico".' in Z:\home\autobook\www\framework\web\CWebApplication.php:286
Stack trace:
#0 Z:\home\autobook\www\framework\web\CWebApplication.php(141): CWebApplication->runController('favicon.ico')
#1 Z:\home\autobook\www\framework\base\CApplication.php(169): CWebApplication->processRequest()
#2 Z:\home\autobook\www\index.php(13): CApplication->run()
#3 {main}
REQUEST_URI=/favicon.ico
---
2013/03/15 16:41:14 [error] [exception.CHttpException.404] exception 'CHttpException' with message 'Невозможно обработать запрос "favicon.ico".' in Z:\home\autobook\www\framework\web\CWebApplication.php:286
Stack trace:
#0 Z:\home\autobook\www\framework\web\CWebApplication.php(141): CWebApplication->runController('favicon.ico')
#1 Z:\home\autobook\www\framework\base\CApplication.php(169): CWebApplication->processRequest()
#2 Z:\home\autobook\www\index.php(13): CApplication->run()
#3 {main}
REQUEST_URI=/favicon.ico
---
2013/03/15 16:41:20 [error] [exception.CHttpException.404] exception 'CHttpException' with message 'Невозможно обработать запрос "favicon.ico".' in Z:\home\autobook\www\framework\web\CWebApplication.php:286
Stack trace:
#0 Z:\home\autobook\www\framework\web\CWebApplication.php(141): CWebApplication->runController('favicon.ico')
#1 Z:\home\autobook\www\framework\base\CApplication.php(169): CWebApplication->processRequest()
#2 Z:\home\autobook\www\index.php(13): CApplication->run()
#3 {main}
REQUEST_URI=/favicon.ico
---
2013/03/15 16:41:51 [error] [exception.CHttpException.404] exception 'CHttpException' with message 'Невозможно обработать запрос "favicon.ico".' in Z:\home\autobook\www\framework\web\CWebApplication.php:286
Stack trace:
#0 Z:\home\autobook\www\framework\web\CWebApplication.php(141): CWebApplication->runController('favicon.ico')
#1 Z:\home\autobook\www\framework\base\CApplication.php(169): CWebApplication->processRequest()
#2 Z:\home\autobook\www\index.php(13): CApplication->run()
#3 {main}
REQUEST_URI=/favicon.ico
---
2013/03/16 13:06:00 [error] [exception.CDbException] exception 'CDbException' with message 'CDbConnection failed to open the DB connection: could not find driver' in C:\WebServers\home\autobook\www\framework\db\CDbConnection.php:381
Stack trace:
#0 C:\WebServers\home\autobook\www\framework\db\CDbConnection.php(330): CDbConnection->open()
#1 C:\WebServers\home\autobook\www\framework\db\CDbConnection.php(308): CDbConnection->setActive(true)
#2 C:\WebServers\home\autobook\www\framework\base\CModule.php(387): CDbConnection->init()
#3 C:\WebServers\home\autobook\www\framework\cli\commands\MigrateCommand.php(442): CModule->getComponent('db')
#4 C:\WebServers\home\autobook\www\framework\cli\commands\MigrateCommand.php(451): MigrateCommand->getDbConnection()
#5 C:\WebServers\home\autobook\www\framework\cli\commands\MigrateCommand.php(482): MigrateCommand->getMigrationHistory(-1)
#6 C:\WebServers\home\autobook\www\framework\cli\commands\MigrateCommand.php(84): MigrateCommand->getNewMigrations()
#7 [internal function]: MigrateCommand->actionUp(Array)
#8 C:\WebServers\home\autobook\www\framework\console\CConsoleCommand.php(172): ReflectionMethod->invokeArgs(Object(MigrateCommand), Array)
#9 C:\WebServers\home\autobook\www\framework\console\CConsoleCommandRunner.php(67): CConsoleCommand->run(Array)
#10 C:\WebServers\home\autobook\www\framework\console\CConsoleApplication.php(91): CConsoleCommandRunner->run(Array)
#11 C:\WebServers\home\autobook\www\framework\base\CApplication.php(169): CConsoleApplication->processRequest()
#12 C:\WebServers\home\autobook\www\framework\yiic.php(33): CApplication->run()
#13 C:\WebServers\home\autobook\www\protected\yiic.php(7): require_once('C:\WebServers\h...')
#14 {main}
---
2013/03/18 13:10:26 [error] [exception.CDbException] exception 'CDbException' with message 'CDbConnection failed to open the DB connection: could not find driver' in C:\WebServers\home\autobook\www\framework\db\CDbConnection.php:381
Stack trace:
#0 C:\WebServers\home\autobook\www\framework\db\CDbConnection.php(330): CDbConnection->open()
#1 C:\WebServers\home\autobook\www\framework\db\CDbConnection.php(308): CDbConnection->setActive(true)
#2 C:\WebServers\home\autobook\www\framework\base\CModule.php(387): CDbConnection->init()
#3 C:\WebServers\home\autobook\www\framework\cli\commands\MigrateCommand.php(442): CModule->getComponent('db')
#4 C:\WebServers\home\autobook\www\framework\cli\commands\MigrateCommand.php(451): MigrateCommand->getDbConnection()
#5 C:\WebServers\home\autobook\www\framework\cli\commands\MigrateCommand.php(482): MigrateCommand->getMigrationHistory(-1)
#6 C:\WebServers\home\autobook\www\framework\cli\commands\MigrateCommand.php(84): MigrateCommand->getNewMigrations()
#7 [internal function]: MigrateCommand->actionUp(Array)
#8 C:\WebServers\home\autobook\www\framework\console\CConsoleCommand.php(172): ReflectionMethod->invokeArgs(Object(MigrateCommand), Array)
#9 C:\WebServers\home\autobook\www\framework\console\CConsoleCommandRunner.php(67): CConsoleCommand->run(Array)
#10 C:\WebServers\home\autobook\www\framework\console\CConsoleApplication.php(91): CConsoleCommandRunner->run(Array)
#11 C:\WebServers\home\autobook\www\framework\base\CApplication.php(169): CConsoleApplication->processRequest()
#12 C:\WebServers\home\autobook\www\framework\yiic.php(33): CApplication->run()
#13 C:\WebServers\home\autobook\www\protected\yiic.php(7): require_once('C:\WebServers\h...')
#14 {main}
---
2013/03/18 13:14:03 [error] [exception.CDbException] exception 'CDbException' with message 'CDbConnection failed to open the DB connection: could not find driver' in C:\WebServers\home\autobook\www\framework\db\CDbConnection.php:381
Stack trace:
#0 C:\WebServers\home\autobook\www\framework\db\CDbConnection.php(330): CDbConnection->open()
#1 C:\WebServers\home\autobook\www\framework\db\CDbConnection.php(308): CDbConnection->setActive(true)
#2 C:\WebServers\home\autobook\www\framework\base\CModule.php(387): CDbConnection->init()
#3 C:\WebServers\home\autobook\www\framework\cli\commands\MigrateCommand.php(442): CModule->getComponent('db')
#4 C:\WebServers\home\autobook\www\framework\cli\commands\MigrateCommand.php(451): MigrateCommand->getDbConnection()
#5 C:\WebServers\home\autobook\www\framework\cli\commands\MigrateCommand.php(482): MigrateCommand->getMigrationHistory(-1)
#6 C:\WebServers\home\autobook\www\framework\cli\commands\MigrateCommand.php(84): MigrateCommand->getNewMigrations()
#7 [internal function]: MigrateCommand->actionUp(Array)
#8 C:\WebServers\home\autobook\www\framework\console\CConsoleCommand.php(172): ReflectionMethod->invokeArgs(Object(MigrateCommand), Array)
#9 C:\WebServers\home\autobook\www\framework\console\CConsoleCommandRunner.php(67): CConsoleCommand->run(Array)
#10 C:\WebServers\home\autobook\www\framework\console\CConsoleApplication.php(91): CConsoleCommandRunner->run(Array)
#11 C:\WebServers\home\autobook\www\framework\base\CApplication.php(169): CConsoleApplication->processRequest()
#12 C:\WebServers\home\autobook\www\framework\yiic.php(33): CApplication->run()
#13 C:\WebServers\home\autobook\www\protected\yiic.php(7): require_once('C:\WebServers\h...')
#14 {main}
---
2013/03/18 13:16:09 [error] [exception.CDbException] exception 'CDbException' with message 'CDbConnection failed to open the DB connection: could not find driver' in C:\WebServers\home\autobook\www\framework\db\CDbConnection.php:381
Stack trace:
#0 C:\WebServers\home\autobook\www\framework\db\CDbConnection.php(330): CDbConnection->open()
#1 C:\WebServers\home\autobook\www\framework\db\CDbConnection.php(308): CDbConnection->setActive(true)
#2 C:\WebServers\home\autobook\www\framework\base\CModule.php(387): CDbConnection->init()
#3 C:\WebServers\home\autobook\www\framework\cli\commands\MigrateCommand.php(442): CModule->getComponent('db')
#4 C:\WebServers\home\autobook\www\framework\cli\commands\MigrateCommand.php(451): MigrateCommand->getDbConnection()
#5 C:\WebServers\home\autobook\www\framework\cli\commands\MigrateCommand.php(482): MigrateCommand->getMigrationHistory(-1)
#6 C:\WebServers\home\autobook\www\framework\cli\commands\MigrateCommand.php(84): MigrateCommand->getNewMigrations()
#7 [internal function]: MigrateCommand->actionUp(Array)
#8 C:\WebServers\home\autobook\www\framework\console\CConsoleCommand.php(172): ReflectionMethod->invokeArgs(Object(MigrateCommand), Array)
#9 C:\WebServers\home\autobook\www\framework\console\CConsoleCommandRunner.php(67): CConsoleCommand->run(Array)
#10 C:\WebServers\home\autobook\www\framework\console\CConsoleApplication.php(91): CConsoleCommandRunner->run(Array)
#11 C:\WebServers\home\autobook\www\framework\base\CApplication.php(169): CConsoleApplication->processRequest()
#12 C:\WebServers\home\autobook\www\framework\yiic.php(33): CApplication->run()
#13 C:\WebServers\home\autobook\www\protected\yiic.php(7): require_once('C:\WebServers\h...')
#14 {main}
---
2013/03/19 01:54:33 [error] [exception.CHttpException.404] exception 'CHttpException' with message 'Невозможно обработать запрос "favicon.ico".' in Z:\home\autobook\www\framework\web\CWebApplication.php:286
Stack trace:
#0 Z:\home\autobook\www\framework\web\CWebApplication.php(141): CWebApplication->runController('favicon.ico')
#1 Z:\home\autobook\www\framework\base\CApplication.php(169): CWebApplication->processRequest()
#2 Z:\home\autobook\www\index.php(13): CApplication->run()
#3 {main}
REQUEST_URI=/favicon.ico
---
